#
# A fatal error has been detected by the Java Runtime Environment:
#
#  EXCEPTION_ACCESS_VIOLATION (0xc0000005) at pc=0x00000000712e2ee6, pid=9996, tid=0x0000000000002e40
#
# JRE version: Java(TM) SE Runtime Environment (8.0_181-b13) (build 1.8.0_181-b13)
# Java VM: Java HotSpot(TM) 64-Bit Server VM (25.181-b13 mixed mode windows-amd64 compressed oops)
# Problematic frame:
# V  [jvm.dll+0x402ee6]
#
# Failed to write core dump. Minidumps are not enabled by default on client versions of Windows
#
# If you would like to submit a bug report, please visit:
#   http://bugreport.java.com/bugreport/crash.jsp
#

---------------  T H R E A D  ---------------

Current thread (0x0000000002524800):  GCTaskThread [stack: 0x00000000034b0000,0x00000000035b0000] [id=11840]

siginfo: ExceptionCode=0xc0000005, reading address 0x000000000000000c

Registers:
RAX=0x000000000000000c, RBX=0x00000000e48c77a8, RCX=0x00000000e48c77a8, RDX=0x000000001e027b50
RSP=0x00000000035af710, RBP=0x0000000000000003, RSI=0x00000000086f0040, RDI=0x00000000819c4800
R8 =0x0000000000000003, R9 =0x000000001e027b50, R10=0x0000000000000008, R11=0x00000000e38c3140
R12=0x0000000002cd0e06, R13=0x000000000000000c, R14=0x0000000000000000, R15=0x000000000251ddc0
RIP=0x00000000712e2ee6, EFLAGS=0x0000000000010206

Top of Stack: (sp=0x00000000035af710)
0x00000000035af710:   00000000e48c7798 0000000000000002
0x00000000035af720:   00000000086f0040 00000000e4f53e50
0x00000000035af730:   00000000e38bb150 00000000712e361b
0x00000000035af740:   000000008277a388 0000000000000400
0x00000000035af750:   0000000000000000 00000000086f0000
0x00000000035af760:   0000000002cd0e06 00000000712e3240
0x00000000035af770:   00000000e38c1acc 0000000002cd0e81
0x00000000035af780:   00000000086f0040 00000000819c4800
0x00000000035af790:   00000000e38c1acc 00000000712e3de5
0x00000000035af7a0:   00000000e487b150 0000000002cd0e81
0x00000000035af7b0:   00000000086f0040 0000000000000003
0x00000000035af7c0:   00000000086f0040 0000000070fcd19a
0x00000000035af7d0:   000000008180369c 0000000070ff5507
0x00000000035af7e0:   00000000086f0040 0000000070ff3be3
0x00000000035af7f0:   00000000819c4685 00000000819c4685
0x00000000035af800:   00000000086f0040 0000000070ff5507 

Instructions: (pc=0x00000000712e2ee6)
0x00000000712e2ec6:   48 8b 52 08 48 8b cb e8 0e db ca ff 48 63 e8 41
0x00000000712e2ed6:   0f b6 c5 f6 d0 a8 01 49 8b c5 74 06 48 83 e0 fd
0x00000000712e2ee6:   8b 00 48 c1 e8 03 83 e0 0f 3b 05 13 ff 41 00 0f
0x00000000712e2ef6:   83 11 01 00 00 48 8b d5 48 8b ce e8 3a fa ff ff 


Register to memory mapping:

RAX=0x000000000000000c is an unknown value
RBX=0x00000000e48c77a8 is an oop
java.util.ArrayList 
 - klass: 'java/util/ArrayList'
RCX=0x00000000e48c77a8 is an oop
java.util.ArrayList 
 - klass: 'java/util/ArrayList'
RDX=0x000000001e027b50 is pointing into metadata
RSP=0x00000000035af710 is an unknown value
RBP=0x0000000000000003 is an unknown value
RSI=0x00000000086f0040 is an unknown value
RDI=0x00000000819c4800 is an oop
java.security.CodeSource 
 - klass: 'java/security/CodeSource'
R8 =0x0000000000000003 is an unknown value
R9 =0x000000001e027b50 is pointing into metadata
R10=0x0000000000000008 is an unknown value
R11=0x00000000e38c3140 is an unknown value
R12=0x0000000002cd0e06 is an unknown value
R13=0x000000000000000c is an unknown value
R14=0x0000000000000000 is an unknown value
R15=0x000000000251ddc0 is an unknown value


Stack: [0x00000000034b0000,0x00000000035b0000],  sp=0x00000000035af710,  free space=1021k
Native frames: (J=compiled Java code, j=interpreted, Vv=VM code, C=native code)
V  [jvm.dll+0x402ee6]
V  [jvm.dll+0x403240]
V  [jvm.dll+0x403de5]
V  [jvm.dll+0x3f360f]
V  [jvm.dll+0x405e02]
V  [jvm.dll+0x3f4dde]
V  [jvm.dll+0x29e64a]
C  [msvcr100.dll+0x21d9f]
C  [msvcr100.dll+0x21e3b]
C  [kernel32.dll+0x1652d]
C  [ntdll.dll+0x2c521]


---------------  P R O C E S S  ---------------

Java Threads: ( => current thread )
  0x000000000ce0f000 JavaThread "Abandoned connection cleanup thread" daemon [_thread_blocked, id=20420, stack(0x000000000ec90000,0x000000000ed90000)]
  0x000000000ce0e000 JavaThread "container-0" [_thread_blocked, id=5532, stack(0x000000000ea80000,0x000000000eb80000)]
  0x000000000ce0d800 JavaThread "ContainerBackgroundProcessor[StandardEngine[Tomcat]]" daemon [_thread_blocked, id=21548, stack(0x000000000e850000,0x000000000e950000)]
  0x000000000ce0c800 JavaThread "localhost-startStop-1" daemon [_thread_blocked, id=8468, stack(0x000000000d3f0000,0x000000000d4f0000)]
  0x000000000ce0c000 JavaThread "Tomcat-startStop-1" daemon [_thread_blocked, id=20740, stack(0x000000000e380000,0x000000000e480000)]
  0x000000000a74e000 JavaThread "RMI TCP Connection(2)-127.0.0.1" daemon [_thread_in_native, id=7652, stack(0x000000000bd20000,0x000000000be20000)]
  0x000000000a749800 JavaThread "RMI Scheduler(0)" daemon [_thread_blocked, id=18848, stack(0x000000000b870000,0x000000000b970000)]
  0x000000000a71e800 JavaThread "RMI TCP Connection(1)-127.0.0.1" daemon [_thread_in_native, id=960, stack(0x000000000bb80000,0x000000000bc80000)]
  0x000000000a6f8800 JavaThread "RMI TCP Accept-0" daemon [_thread_in_native, id=19816, stack(0x000000000b5b0000,0x000000000b6b0000)]
  0x000000000a6f2800 JavaThread "RMI TCP Accept-60217" daemon [_thread_in_native, id=14480, stack(0x000000000b700000,0x000000000b800000)]
  0x000000000a6e9800 JavaThread "RMI TCP Accept-0" daemon [_thread_in_native, id=7440, stack(0x000000000b300000,0x000000000b400000)]
  0x000000000a47b000 JavaThread "Service Thread" daemon [_thread_blocked, id=6816, stack(0x000000000afd0000,0x000000000b0d0000)]
  0x000000000a3e5800 JavaThread "C1 CompilerThread2" daemon [_thread_blocked, id=14012, stack(0x000000000ac80000,0x000000000ad80000)]
  0x000000000a3e2000 JavaThread "C2 CompilerThread1" daemon [_thread_blocked, id=5200, stack(0x000000000a9a0000,0x000000000aaa0000)]
  0x000000000a3e0000 JavaThread "C2 CompilerThread0" daemon [_thread_blocked, id=11408, stack(0x000000000aae0000,0x000000000abe0000)]
  0x000000000a3d6000 JavaThread "Monitor Ctrl-Break" daemon [_thread_in_native, id=6048, stack(0x0000000009860000,0x0000000009960000)]
  0x0000000009ca2800 JavaThread "Attach Listener" daemon [_thread_blocked, id=15208, stack(0x0000000009650000,0x0000000009750000)]
  0x0000000008754000 JavaThread "Signal Dispatcher" daemon [_thread_blocked, id=6836, stack(0x000000000a0a0000,0x000000000a1a0000)]
  0x0000000008741800 JavaThread "Finalizer" daemon [_thread_blocked, id=7044, stack(0x0000000009b90000,0x0000000009c90000)]
  0x00000000086fa800 JavaThread "Reference Handler" daemon [_thread_blocked, id=6828, stack(0x0000000009990000,0x0000000009a90000)]
  0x000000000250a000 JavaThread "main" [_thread_blocked, id=3780, stack(0x0000000002810000,0x0000000002910000)]

Other Threads:
  0x00000000086f3000 VMThread [stack: 0x0000000009750000,0x0000000009850000] [id=18520]
  0x000000000a6fc000 WatcherThread [stack: 0x000000000b9b0000,0x000000000bab0000] [id=3816]

=>0x0000000002524800 (exited) GCTaskThread [stack: 0x00000000034b0000,0x00000000035b0000] [id=11840]

VM state:at safepoint (normal execution)

VM Mutex/Monitor currently owned by a thread:  ([mutex/lock_event])
[0x0000000002508a00] Threads_lock - owner thread: 0x00000000086f3000
[0x0000000002508f00] Heap_lock - owner thread: 0x000000000250a000

Heap:
 PSYoungGen      total 232448K, used 77365K [0x00000000d5d80000, 0x00000000e6080000, 0x0000000100000000)
  eden space 220160K, 29% used [0x00000000d5d80000,0x00000000d9d10818,0x00000000e3480000)
  from space 12288K, 99% used [0x00000000e4380000,0x00000000e4f7cfd0,0x00000000e4f80000)
  to   space 15360K, 57% used [0x00000000e3480000,0x00000000e3d13fc0,0x00000000e4380000)
 ParOldGen       total 47616K, used 16704K [0x0000000081800000, 0x0000000084680000, 0x00000000d5d80000)
  object space 47616K, 35% used [0x0000000081800000,0x0000000082850388,0x0000000084680000)
 Metaspace       used 33829K, capacity 35328K, committed 35456K, reserved 1079296K
  class space    used 4616K, capacity 4910K, committed 4992K, reserved 1048576K

Card table byte_map: [0x0000000002cd0000,0x00000000030d0000] byte_map_base: 0x00000000028c4000

Marking Bits: (ParMarkBitMap*) 0x0000000071702d00
 Begin Bits: [0x0000000003a20000, 0x00000000059c0000)
 End Bits:   [0x00000000059c0000, 0x0000000007960000)

Polling page: 0x0000000000240000

CodeCache: size=245760Kb used=7248Kb max_used=7248Kb free=238511Kb
 bounds [0x000000000f010000, 0x000000000f730000, 0x000000001e010000]
 total_blobs=3922 nmethods=3498 adapters=336
 compilation: enabled

Compilation events (10 events):
Event: 7.562 Thread 0x000000000a3e5800 3537       1       org.springframework.beans.factory.support.AbstractBeanFactory::doResolveBeanClass (198 bytes)
Event: 7.564 Thread 0x000000000a3e5800 nmethod 3537 0x000000000f721e10 code [0x000000000f722080, 0x000000000f722b78]
Event: 7.567 Thread 0x000000000a3e5800 3538       1       java.beans.PropertyDescriptor::setPropertyEditorClass (9 bytes)
Event: 7.568 Thread 0x000000000a3e5800 nmethod 3538 0x000000000f723590 code [0x000000000f723700, 0x000000000f7238c8]
Event: 7.597 Thread 0x000000000a3e5800 3539       1       com.sun.org.apache.xerces.internal.utils.XMLSecurityManager$Limit::systemProperty (5 bytes)
Event: 7.598 Thread 0x000000000a3e5800 nmethod 3539 0x000000000f723990 code [0x000000000f723ae0, 0x000000000f723bf0]
Event: 7.599 Thread 0x000000000a3e5800 3540       1       com.sun.org.apache.xerces.internal.xni.QName::clear (21 bytes)
Event: 7.599 Thread 0x000000000a3e5800 nmethod 3540 0x000000000f723c50 code [0x000000000f723da0, 0x000000000f723ef0]
Event: 7.607 Thread 0x000000000a3e5800 3541       1       com.sun.org.apache.xerces.internal.impl.XMLDocumentFragmentScannerImpl::scanEndElement (170 bytes)
Event: 7.608 Thread 0x000000000a3e5800 nmethod 3541 0x000000000f724190 code [0x000000000f7243a0, 0x000000000f724aa8]

GC Heap History (10 events):
Event: 3.114 GC heap after
Heap after GC invocations=5 (full 0):
 PSYoungGen      total 71680K, used 5107K [0x00000000d5d80000, 0x00000000df180000, 0x0000000100000000)
  eden space 66560K, 0% used [0x00000000d5d80000,0x00000000d5d80000,0x00000000d9e80000)
  from space 5120K, 99% used [0x00000000d9e80000,0x00000000da37cc08,0x00000000da380000)
  to   space 9216K, 0% used [0x00000000de880000,0x00000000de880000,0x00000000df180000)
 ParOldGen       total 87552K, used 6492K [0x0000000081800000, 0x0000000086d80000, 0x00000000d5d80000)
  object space 87552K, 7% used [0x0000000081800000,0x0000000081e571f8,0x0000000086d80000)
 Metaspace       used 20672K, capacity 21248K, committed 21296K, reserved 1067008K
  class space    used 2757K, capacity 2920K, committed 2944K, reserved 1048576K
}
Event: 3.114 GC heap before
{Heap before GC invocations=6 (full 1):
 PSYoungGen      total 71680K, used 5107K [0x00000000d5d80000, 0x00000000df180000, 0x0000000100000000)
  eden space 66560K, 0% used [0x00000000d5d80000,0x00000000d5d80000,0x00000000d9e80000)
  from space 5120K, 99% used [0x00000000d9e80000,0x00000000da37cc08,0x00000000da380000)
  to   space 9216K, 0% used [0x00000000de880000,0x00000000de880000,0x00000000df180000)
 ParOldGen       total 87552K, used 6492K [0x0000000081800000, 0x0000000086d80000, 0x00000000d5d80000)
  object space 87552K, 7% used [0x0000000081800000,0x0000000081e571f8,0x0000000086d80000)
 Metaspace       used 20672K, capacity 21248K, committed 21296K, reserved 1067008K
  class space    used 2757K, capacity 2920K, committed 2944K, reserved 1048576K
Event: 3.163 GC heap after
Heap after GC invocations=6 (full 1):
 PSYoungGen      total 71680K, used 0K [0x00000000d5d80000, 0x00000000df180000, 0x0000000100000000)
  eden space 66560K, 0% used [0x00000000d5d80000,0x00000000d5d80000,0x00000000d9e80000)
  from space 5120K, 0% used [0x00000000d9e80000,0x00000000d9e80000,0x00000000da380000)
  to   space 9216K, 0% used [0x00000000de880000,0x00000000de880000,0x00000000df180000)
 ParOldGen       total 47616K, used 6029K [0x0000000081800000, 0x0000000084680000, 0x00000000d5d80000)
  object space 47616K, 12% used [0x0000000081800000,0x0000000081de3448,0x0000000084680000)
 Metaspace       used 20672K, capacity 21248K, committed 21296K, reserved 1067008K
  class space    used 2757K, capacity 2920K, committed 2944K, reserved 1048576K
}
Event: 4.307 GC heap before
{Heap before GC invocations=7 (full 1):
 PSYoungGen      total 71680K, used 66560K [0x00000000d5d80000, 0x00000000df180000, 0x0000000100000000)
  eden space 66560K, 100% used [0x00000000d5d80000,0x00000000d9e80000,0x00000000d9e80000)
  from space 5120K, 0% used [0x00000000d9e80000,0x00000000d9e80000,0x00000000da380000)
  to   space 9216K, 0% used [0x00000000de880000,0x00000000de880000,0x00000000df180000)
 ParOldGen       total 47616K, used 6029K [0x0000000081800000, 0x0000000084680000, 0x00000000d5d80000)
  object space 47616K, 12% used [0x0000000081800000,0x0000000081de3448,0x0000000084680000)
 Metaspace       used 24013K, capacity 24914K, committed 25088K, reserved 1071104K
  class space    used 3227K, capacity 3459K, committed 3584K, reserved 1048576K
Event: 4.319 GC heap after
Heap after GC invocations=7 (full 1):
 PSYoungGen      total 129536K, used 6246K [0x00000000d5d80000, 0x00000000def00000, 0x0000000100000000)
  eden space 122880K, 0% used [0x00000000d5d80000,0x00000000d5d80000,0x00000000dd580000)
  from space 6656K, 93% used [0x00000000de880000,0x00000000dee99868,0x00000000def00000)
  to   space 8704K, 0% used [0x00000000dde00000,0x00000000dde00000,0x00000000de680000)
 ParOldGen       total 47616K, used 6101K [0x0000000081800000, 0x0000000084680000, 0x00000000d5d80000)
  object space 47616K, 12% used [0x0000000081800000,0x0000000081df5458,0x0000000084680000)
 Metaspace       used 24013K, capacity 24914K, committed 25088K, reserved 1071104K
  class space    used 3227K, capacity 3459K, committed 3584K, reserved 1048576K
}
Event: 5.745 GC heap before
{Heap before GC invocations=8 (full 1):
 PSYoungGen      total 129536K, used 129126K [0x00000000d5d80000, 0x00000000def00000, 0x0000000100000000)
  eden space 122880K, 100% used [0x00000000d5d80000,0x00000000dd580000,0x00000000dd580000)
  from space 6656K, 93% used [0x00000000de880000,0x00000000dee99868,0x00000000def00000)
  to   space 8704K, 0% used [0x00000000dde00000,0x00000000dde00000,0x00000000de680000)
 ParOldGen       total 47616K, used 6101K [0x0000000081800000, 0x0000000084680000, 0x00000000d5d80000)
  object space 47616K, 12% used [0x0000000081800000,0x0000000081df5458,0x0000000084680000)
 Metaspace       used 29131K, capacity 30474K, committed 30592K, reserved 1075200K
  class space    used 3943K, capacity 4221K, committed 4224K, reserved 1048576K
Event: 5.771 GC heap after
Heap after GC invocations=8 (full 1):
 PSYoungGen      total 140288K, used 8682K [0x00000000d5d80000, 0x00000000e4f80000, 0x0000000100000000)
  eden space 131584K, 0% used [0x00000000d5d80000,0x00000000d5d80000,0x00000000dde00000)
  from space 8704K, 99% used [0x00000000dde00000,0x00000000de67a8a0,0x00000000de680000)
  to   space 12288K, 0% used [0x00000000e4380000,0x00000000e4380000,0x00000000e4f80000)
 ParOldGen       total 47616K, used 11249K [0x0000000081800000, 0x0000000084680000, 0x00000000d5d80000)
  object space 47616K, 23% used [0x0000000081800000,0x00000000822fc7d8,0x0000000084680000)
 Metaspace       used 29131K, capacity 30474K, committed 30592K, reserved 1075200K
  class space    used 3943K, capacity 4221K, committed 4224K, reserved 1048576K
}
Event: 7.056 GC heap before
{Heap before GC invocations=9 (full 1):
 PSYoungGen      total 140288K, used 140266K [0x00000000d5d80000, 0x00000000e4f80000, 0x0000000100000000)
  eden space 131584K, 100% used [0x00000000d5d80000,0x00000000dde00000,0x00000000dde00000)
  from space 8704K, 99% used [0x00000000dde00000,0x00000000de67a8a0,0x00000000de680000)
  to   space 12288K, 0% used [0x00000000e4380000,0x00000000e4380000,0x00000000e4f80000)
 ParOldGen       total 47616K, used 11249K [0x0000000081800000, 0x0000000084680000, 0x00000000d5d80000)
  object space 47616K, 23% used [0x0000000081800000,0x00000000822fc7d8,0x0000000084680000)
 Metaspace       used 32310K, capacity 33726K, committed 33920K, reserved 1079296K
  class space    used 4412K, capacity 4683K, committed 4736K, reserved 1048576K
Event: 7.076 GC heap after
Heap after GC invocations=9 (full 1):
 PSYoungGen      total 232448K, used 12275K [0x00000000d5d80000, 0x00000000e6080000, 0x0000000100000000)
  eden space 220160K, 0% used [0x00000000d5d80000,0x00000000d5d80000,0x00000000e3480000)
  from space 12288K, 99% used [0x00000000e4380000,0x00000000e4f7cfd0,0x00000000e4f80000)
  to   space 15360K, 0% used [0x00000000e3480000,0x00000000e3480000,0x00000000e4380000)
 ParOldGen       total 47616K, used 14496K [0x0000000081800000, 0x0000000084680000, 0x00000000d5d80000)
  object space 47616K, 30% used [0x0000000081800000,0x0000000082628368,0x0000000084680000)
 Metaspace       used 32310K, capacity 33726K, committed 33920K, reserved 1079296K
  class space    used 4412K, capacity 4683K, committed 4736K, reserved 1048576K
}
Event: 7.612 GC heap before
{Heap before GC invocations=10 (full 1):
 PSYoungGen      total 232448K, used 77365K [0x00000000d5d80000, 0x00000000e6080000, 0x0000000100000000)
  eden space 220160K, 29% used [0x00000000d5d80000,0x00000000d9d10818,0x00000000e3480000)
  from space 12288K, 99% used [0x00000000e4380000,0x00000000e4f7cfd0,0x00000000e4f80000)
  to   space 15360K, 0% used [0x00000000e3480000,0x00000000e3480000,0x00000000e4380000)
 ParOldGen       total 47616K, used 14496K [0x0000000081800000, 0x0000000084680000, 0x00000000d5d80000)
  object space 47616K, 30% used [0x0000000081800000,0x0000000082628368,0x0000000084680000)
 Metaspace       used 33829K, capacity 35328K, committed 35456K, reserved 1079296K
  class space    used 4616K, capacity 4910K, committed 4992K, reserved 1048576K

Deoptimization events (0 events):
No events

Classes redefined (0 events):
No events

Internal exceptions (10 events):
Event: 7.560 Thread 0x000000000250a000 Exception <a 'java/lang/ClassNotFoundException': com/github/pagehelper/autoconfigure/MapperAutoConfigurationCustomizer> (0x00000000d98c2270) thrown at [C:\re\workspace\8-2-build-windows-amd64-cygwin\jdk8u181\11358\hotspot\src\share\vm\classfile\systemDict
Event: 7.560 Thread 0x000000000250a000 Exception <a 'java/lang/ClassNotFoundException': com/github/pagehelper/autoconfigure/MapperAutoConfiguration$$EnhancerBySpringCGLIB$$f4c943f8Customizer> (0x00000000d98f8f30) thrown at [C:\re\workspace\8-2-build-windows-amd64-cygwin\jdk8u181\11358\hotspot\
Event: 7.561 Thread 0x000000000250a000 Exception <a 'java/lang/ClassNotFoundException': org/springframework/context/annotation/ConfigurationClassEnhancer$EnhancedConfigurationCustomizer> (0x00000000d9931a88) thrown at [C:\re\workspace\8-2-build-windows-amd64-cygwin\jdk8u181\11358\hotspot\src\s
Event: 7.566 Thread 0x000000000250a000 Exception <a 'java/lang/ClassNotFoundException': java/lang/ObjectCustomizer> (0x00000000d9956ed0) thrown at [C:\re\workspace\8-2-build-windows-amd64-cygwin\jdk8u181\11358\hotspot\src\share\vm\classfile\systemDictionary.cpp, line 210]
Event: 7.567 Thread 0x000000000250a000 Exception <a 'java/lang/ClassNotFoundException': tk/mybatis/mapper/entity/ConfigCustomizer> (0x00000000d9975a50) thrown at [C:\re\workspace\8-2-build-windows-amd64-cygwin\jdk8u181\11358\hotspot\src\share\vm\classfile\systemDictionary.cpp, line 210]
Event: 7.569 Thread 0x000000000250a000 Exception <a 'java/lang/ClassNotFoundException': com/github/pagehelper/autoconfigure/MapperPropertiesCustomizer> (0x00000000d99b3280) thrown at [C:\re\workspace\8-2-build-windows-amd64-cygwin\jdk8u181\11358\hotspot\src\share\vm\classfile\systemDictionary.
Event: 7.569 Thread 0x000000000250a000 Exception <a 'java/lang/ArrayIndexOutOfBoundsException'> (0x00000000d99b5fa0) thrown at [C:\re\workspace\8-2-build-windows-amd64-cygwin\jdk8u181\11358\hotspot\src\share\vm\runtime\sharedRuntime.cpp, line 605]
Event: 7.569 Thread 0x000000000250a000 Exception <a 'java/lang/ArrayIndexOutOfBoundsException'> (0x00000000d99b73f8) thrown at [C:\re\workspace\8-2-build-windows-amd64-cygwin\jdk8u181\11358\hotspot\src\share\vm\runtime\sharedRuntime.cpp, line 605]
Event: 7.582 Thread 0x000000000250a000 Exception <a 'java/lang/ClassNotFoundException': com/zhou/search/entity/SpuBeanInfo> (0x00000000d9a940d0) thrown at [C:\re\workspace\8-2-build-windows-amd64-cygwin\jdk8u181\11358\hotspot\src\share\vm\classfile\systemDictionary.cpp, line 210]
Event: 7.582 Thread 0x000000000250a000 Exception <a 'java/lang/ClassNotFoundException': com/zhou/search/entity/SpuCustomizer> (0x00000000d9aad298) thrown at [C:\re\workspace\8-2-build-windows-amd64-cygwin\jdk8u181\11358\hotspot\src\share\vm\classfile\systemDictionary.cpp, line 210]

Events (10 events):
Event: 7.611 loading class com/sun/org/apache/xpath/internal/functions/FuncFloor
Event: 7.611 loading class com/sun/org/apache/xpath/internal/functions/FuncFloor done
Event: 7.611 loading class com/sun/org/apache/xpath/internal/functions/FuncCeiling
Event: 7.611 loading class com/sun/org/apache/xpath/internal/functions/FuncCeiling done
Event: 7.611 loading class com/sun/org/apache/xpath/internal/functions/FuncRound
Event: 7.611 loading class com/sun/org/apache/xpath/internal/functions/FuncRound done
Event: 7.612 loading class com/sun/org/apache/xpath/internal/functions/FuncSum
Event: 7.612 loading class com/sun/org/apache/xpath/internal/functions/FuncSum done
Event: 7.612 loading class com/sun/org/apache/xpath/internal/functions/FuncString
Event: 7.612 Executing VM operation: CollectForMetadataAllocation


Dynamic libraries:
0x000000013f8b0000 - 0x000000013f8e7000 	D:\devlop\jdk1.8\bin\java.exe
0x0000000076e00000 - 0x0000000076fa9000 	C:\Windows\SYSTEM32\ntdll.dll
0x0000000076ce0000 - 0x0000000076dff000 	C:\Windows\system32\kernel32.dll
0x000007fefcf70000 - 0x000007fefcfdb000 	C:\Windows\system32\KERNELBASE.dll
0x000007fefd3b0000 - 0x000007fefd48b000 	C:\Windows\system32\ADVAPI32.dll
0x000007fefe2d0000 - 0x000007fefe36f000 	C:\Windows\system32\msvcrt.dll
0x000007fefeb80000 - 0x000007fefeb9f000 	C:\Windows\SYSTEM32\sechost.dll
0x000007fefef70000 - 0x000007feff09d000 	C:\Windows\system32\RPCRT4.dll
0x0000000076be0000 - 0x0000000076cda000 	C:\Windows\system32\USER32.dll
0x000007feff0a0000 - 0x000007feff107000 	C:\Windows\system32\GDI32.dll
0x000007fefd2c0000 - 0x000007fefd2ce000 	C:\Windows\system32\LPK.dll
0x000007fefeab0000 - 0x000007fefeb79000 	C:\Windows\system32\USP10.dll
0x000007fefb4b0000 - 0x000007fefb6a4000 	C:\Windows\WinSxS\amd64_microsoft.windows.common-controls_6595b64144ccf1df_6.0.7601.17514_none_fa396087175ac9ac\COMCTL32.dll
0x000007fefe4d0000 - 0x000007fefe541000 	C:\Windows\system32\SHLWAPI.dll
0x000007fefe4a0000 - 0x000007fefe4ce000 	C:\Windows\system32\IMM32.DLL
0x000007fefed80000 - 0x000007fefee89000 	C:\Windows\system32\MSCTF.dll
0x000007fefcd10000 - 0x000007fefcd42000 	C:\Windows\system32\nvinitx.dll
0x000007fefcd00000 - 0x000007fefcd0c000 	C:\Windows\system32\VERSION.dll
0x000000000f000000 - 0x000000000f006000 	C:\Program Files\NVIDIA Corporation\CoProcManager\detoured.dll
0x000007fefa400000 - 0x000007fefa432000 	C:\Program Files\NVIDIA Corporation\CoProcManager\nvd3d9wrapx.dll
0x000007fefeba0000 - 0x000007fefed77000 	C:\Windows\system32\SETUPAPI.dll
0x000007fefd0a0000 - 0x000007fefd0d6000 	C:\Windows\system32\CFGMGR32.dll
0x000007fefd2d0000 - 0x000007fefd3a7000 	C:\Windows\system32\OLEAUT32.dll
0x000007fefe640000 - 0x000007fefe843000 	C:\Windows\system32\ole32.dll
0x000007fefd080000 - 0x000007fefd09a000 	C:\Windows\system32\DEVOBJ.dll
0x000007fefa060000 - 0x000007fefa082000 	C:\Program Files\NVIDIA Corporation\CoProcManager\nvdxgiwrapx.dll
0x0000000072800000 - 0x00000000728d2000 	D:\devlop\jdk1.8\jre\bin\msvcr100.dll
0x0000000070ee0000 - 0x0000000071782000 	D:\devlop\jdk1.8\jre\bin\server\jvm.dll
0x000007fef9b00000 - 0x000007fef9b09000 	C:\Windows\system32\WSOCK32.dll
0x000007fefe550000 - 0x000007fefe59d000 	C:\Windows\system32\WS2_32.dll
0x000007fefd490000 - 0x000007fefd498000 	C:\Windows\system32\NSI.dll
0x000007fefa660000 - 0x000007fefa69b000 	C:\Windows\system32\WINMM.dll
0x0000000076fc0000 - 0x0000000076fc7000 	C:\Windows\system32\PSAPI.DLL
0x00000000731d0000 - 0x00000000731df000 	D:\devlop\jdk1.8\jre\bin\verify.dll
0x00000000731a0000 - 0x00000000731c9000 	D:\devlop\jdk1.8\jre\bin\java.dll
0x000000006b1e0000 - 0x000000006b203000 	D:\devlop\jdk1.8\jre\bin\instrument.dll
0x00000000727e0000 - 0x00000000727f6000 	D:\devlop\jdk1.8\jre\bin\zip.dll
0x000007fefd540000 - 0x000007fefe2c8000 	C:\Windows\system32\SHELL32.dll
0x000007fefcd50000 - 0x000007fefcd5f000 	C:\Windows\system32\profapi.dll
0x000007fef5810000 - 0x000007fef582a000 	D:\devlop\idea\IntelliJ IDEA 2018.2.4\bin\breakgen64.dll
0x0000000072560000 - 0x000000007257a000 	D:\devlop\jdk1.8\jre\bin\net.dll
0x000007fefc530000 - 0x000007fefc585000 	C:\Windows\system32\mswsock.dll
0x000007fefc520000 - 0x000007fefc527000 	C:\Windows\System32\wship6.dll
0x0000000073190000 - 0x000000007319d000 	D:\devlop\jdk1.8\jre\bin\management.dll
0x000000006c3e0000 - 0x000000006c3f1000 	D:\devlop\jdk1.8\jre\bin\nio.dll
0x000007fefa980000 - 0x000007fefa995000 	C:\Windows\system32\NLAapi.dll
0x000007fef7d40000 - 0x000007fef7d55000 	C:\Windows\system32\napinsp.dll
0x000007fef7d20000 - 0x000007fef7d39000 	C:\Windows\system32\pnrpnsp.dll
0x000007fefc3b0000 - 0x000007fefc40b000 	C:\Windows\system32\DNSAPI.dll
0x000007fef7d10000 - 0x000007fef7d1b000 	C:\Windows\System32\winrnr.dll
0x000007fef7d00000 - 0x000007fef7d10000 	C:\Windows\system32\wshbth.dll
0x000007fefbf10000 - 0x000007fefbf17000 	C:\Windows\System32\wshtcpip.dll
0x000007fefb0a0000 - 0x000007fefb0c7000 	C:\Windows\system32\IPHLPAPI.DLL
0x000007fefb090000 - 0x000007fefb09b000 	C:\Windows\system32\WINNSI.DLL
0x000007fef6e00000 - 0x000007fef6e08000 	C:\Windows\system32\rasadhlp.dll
0x000007fef9720000 - 0x000007fef9773000 	C:\Windows\System32\fwpuclnt.dll
0x000007fefc590000 - 0x000007fefc5a7000 	C:\Windows\system32\CRYPTSP.dll
0x000007fefc290000 - 0x000007fefc2d7000 	C:\Windows\system32\rsaenh.dll
0x000007fefc050000 - 0x000007fefc06e000 	C:\Windows\system32\USERENV.dll
0x000007fefcbf0000 - 0x000007fefcbff000 	C:\Windows\system32\CRYPTBASE.dll
0x000007fef93c0000 - 0x000007fef93d8000 	C:\Windows\system32\dhcpcsvc.DLL
0x000007fef93a0000 - 0x000007fef93b1000 	C:\Windows\system32\dhcpcsvc6.DLL
0x0000000180000000 - 0x0000000180281000 	D:\devlop\apache-tomcat-7.0.92\bin\tcnative-1.dll
0x000000000be20000 - 0x000000000bf87000 	C:\Windows\system32\CRYPT32.dll
0x000007fefcdf0000 - 0x000007fefcdff000 	C:\Windows\system32\MSASN1.dll
0x000007fefc6e0000 - 0x000007fefc702000 	C:\Windows\system32\bcrypt.dll
0x000007fefc1d0000 - 0x000007fefc21c000 	C:\Windows\system32\bcryptprimitives.dll
0x000007fef8310000 - 0x000007fef8435000 	C:\Windows\system32\dbghelp.dll

VM Arguments:
jvm_args: -XX:TieredStopAtLevel=1 -Xverify:none -Dspring.output.ansi.enabled=always -Dcom.sun.management.jmxremote -Dcom.sun.management.jmxremote.port=60217 -Dcom.sun.management.jmxremote.authenticate=false -Dcom.sun.management.jmxremote.ssl=false -Djava.rmi.server.hostname=localhost -Dspring.liveBeansView.mbeanDomain -Dspring.application.admin.enabled=true -javaagent:D:\devlop\idea\IntelliJ IDEA 2018.2.4\lib\idea_rt.jar=60218:D:\devlop\idea\IntelliJ IDEA 2018.2.4\bin -Dfile.encoding=UTF-8 
java_command: com.zhou.SearchApplication
java_class_path (initial): D:\devlop\jdk1.8\jre\lib\charsets.jar;D:\devlop\jdk1.8\jre\lib\deploy.jar;D:\devlop\jdk1.8\jre\lib\ext\access-bridge-64.jar;D:\devlop\jdk1.8\jre\lib\ext\cldrdata.jar;D:\devlop\jdk1.8\jre\lib\ext\dnsns.jar;D:\devlop\jdk1.8\jre\lib\ext\jaccess.jar;D:\devlop\jdk1.8\jre\lib\ext\jfxrt.jar;D:\devlop\jdk1.8\jre\lib\ext\localedata.jar;D:\devlop\jdk1.8\jre\lib\ext\nashorn.jar;D:\devlop\jdk1.8\jre\lib\ext\sunec.jar;D:\devlop\jdk1.8\jre\lib\ext\sunjce_provider.jar;D:\devlop\jdk1.8\jre\lib\ext\sunmscapi.jar;D:\devlop\jdk1.8\jre\lib\ext\sunpkcs11.jar;D:\devlop\jdk1.8\jre\lib\ext\zipfs.jar;D:\devlop\jdk1.8\jre\lib\javaws.jar;D:\devlop\jdk1.8\jre\lib\jce.jar;D:\devlop\jdk1.8\jre\lib\jfr.jar;D:\devlop\jdk1.8\jre\lib\jfxswt.jar;D:\devlop\jdk1.8\jre\lib\jsse.jar;D:\devlop\jdk1.8\jre\lib\management-agent.jar;D:\devlop\jdk1.8\jre\lib\plugin.jar;D:\devlop\jdk1.8\jre\lib\resources.jar;D:\devlop\jdk1.8\jre\lib\rt.jar;D:\gitworkspace\marketing\zhou_search\target\classes;C:\Users\K12\.m2\repository\org\springframework\boot\spring-boot-starter-web\2.0.4.RELEASE\spring-boot-starter-web-2.0.4.RELEASE.jar;C:\Users\K12\.m2\repository\org\springframework\boot\spring-boot-starter\2.0.4.RELEASE\spring-boot-starter-2.0.4.RELEASE.jar;C:\Users\K12\.m2\repository\org\springframework\boot\spring-boot\2.0.4.RELEASE\spring-boot-2.0.4.RELEASE.jar;C:\Users\K12\.m2\repository\org\springframework\boot\spring-boot-autoconfigure\2.0.4.RELEASE\spring-boot-autoconfigure-2.0.4.RELEASE.jar;C:\Users\K12\.m2\repository\org\springframework\boot\spring-boot-starter-logging\2.0.4.RELEASE\spring-boot-starter-logging-2.0.4.RELEASE.jar;C:\Users\K12\.m2\repository\ch\qos\logback\logback-classic\1.2.3\logback-classic-1.2.3.jar;C:\Users\K12\.m2\repository\ch\qos\logback\logback-core\1.2.3\logback-core-1.2.3.jar;C:\Users\K12\.m2\repository\org\apache\logging\log4j\log4j-to-slf4j\2.10.0\log4j-to-slf4j-2.10.0.jar;C:\Users\K12\.m2\repository\org\slf4j\jul-to-slf4j\1.7.25\jul-to-slf4j-1.7.25.jar;C:\Use
Launcher Type: SUN_STANDARD

Environment Variables:
JAVA_HOME=D:\devlop\jdk1.8
PATH=C:\Program Files (x86)\NVIDIA Corporation\PhysX\Common;C:\Program Files (x86)\Common Files\Oracle\Java\javapath;C:\Windows\system32;C:\Windows;C:\Windows\System32\Wbem;C:\Windows\System32\WindowsPowerShell\v1.0\;D:\devlop\jdk1.8\bin;D:\devlop\apache-maven-3.5.4\bin;C:\Program Files\erl10.1\bin;D:\devlop\MongDB\mongodb-win32-x86_64-2008plus-ssl-4.0.4\bin\bin;D:\devlop\rabbitmq\rabbitmq_server-3.7.8\bin;D:\devlop\apache-tomcat-7.0.92\bin;D:\devlop\git\cmd;D:\nodeJS\;C:\Users\K12\AppData\Roaming\npm
USERNAME=K12
OS=Windows_NT
PROCESSOR_IDENTIFIER=Intel64 Family 6 Model 58 Stepping 9, GenuineIntel



---------------  S Y S T E M  ---------------

OS: Windows 7 , 64 bit Build 7601 (6.1.7601.17514)

CPU:total 4 (initial active 4) (2 cores per cpu, 2 threads per core) family 6 model 58 stepping 9, cmov, cx8, fxsr, mmx, sse, sse2, sse3, ssse3, sse4.1, sse4.2, popcnt, avx, aes, clmul, erms, ht, tsc, tscinvbit, tscinv

Memory: 4k page, physical 8284524k(929768k free), swap 16567204k(6666708k free)

vm_info: Java HotSpot(TM) 64-Bit Server VM (25.181-b13) for windows-amd64 JRE (1.8.0_181-b13), built on Jul  7 2018 04:01:33 by "java_re" with MS VC++ 10.0 (VS2010)

time: Wed Dec 05 15:59:26 2018
elapsed time: 7 seconds (0d 0h 0m 7s)

